<?xml version="1.0" encoding="UTF-8"?>
<!-- Generated by org.testng.reporters.JUnitReportReporter -->
<testsuite hostname="RGCWP16JWC" failures="0" tests="6" name="TestNG" time="0.012" errors="0" timestamp="2024-11-20T20:26:34 WIB" skipped="0">
  <testcase classname="TestNG" name="scenarioParam" time="0.000"/>
  <system-out/>
  <testcase classname="TestNG" name="scenarioTest1" time="0.002"/>
  <system-out/>
  <testcase classname="TestNG" name="scenarioParam" time="0.002"/>
  <system-out/>
  <testcase classname="TestNG" name="scenarioTest3" time="0.001"/>
  <system-out/>
  <testcase classname="TestNG" name="scenarioTest2" time="0.001"/>
  <system-out/>
  <testcase classname="TestNG" name="scenarioParam" time="0.006"/>
  <system-out/>
</testsuite> <!-- TestNG -->
